Log file open, 02/17/19 08:19:23
LogWindows: Failed to load 'aqProf.dll' (GetLastError=126)
LogWindows: File 'aqProf.dll' does not exist
LogWindows: Failed to load 'VtuneApi.dll' (GetLastError=126)
LogWindows: File 'VtuneApi.dll' does not exist
LogWindows: Failed to load 'VtuneApi32e.dll' (GetLastError=126)
LogWindows: File 'VtuneApi32e.dll' does not exist
LogInit: Display: Running engine for game: Bloxxxxx
LogPlatformFile: Not using cached read wrapper
LogInit: Display: RandInit(580309589) SRandInit(580309589).
LogInit: Read version file with build ID '3709383'
LogInit: Overriding engine version to CL 3832480, compatible CL 3709383
LogInit: Registered custom module enumerator with build ID '3709383'
LogTaskGraph: Started task graph with 5 named threads and 14 total threads with 3 sets of task threads.
LogStats: Stats thread started at 0.230384
LogD3D11RHI: Aftermath initialized
LogModuleManager: Display: Found up-to-date module file ../../../Engine/Plugins/2D/Paper2D/Binaries/Win64/UE4Editor-Paper2D.dll (API version 3709383).
LogModuleManager: Display: Found up-to-date module file ../../../Engine/Plugins/2D/Paper2D/Binaries/Win64/UE4Editor-Paper2DEditor.dll (API version 3709383).
LogModuleManager: Display: Found up-to-date module file ../../../Engine/Plugins/2D/Paper2D/Binaries/Win64/UE4Editor-PaperSpriteSheetImporter.dll (API version 3709383).
LogModuleManager: Display: Found up-to-date module file ../../../Engine/Plugins/2D/Paper2D/Binaries/Win64/UE4Editor-PaperTiledImporter.dll (API version 3709383).
LogModuleManager: Display: Found up-to-date module file ../../../Engine/Plugins/2D/Paper2D/Binaries/Win64/UE4Editor-SmartSnapping.dll (API version 3709383).
LogModuleManager: Display: Found up-to-date module file ../../../Engine/Plugins/Blendables/LightPropagationVolume/Binaries/Win64/UE4Editor-LightPropagationVolumeRuntime.dll (API version 3709383).
LogModuleManager: Display: Found up-to-date module file ../../../Engine/Plugins/Blendables/LightPropagationVolume/Binaries/Win64/UE4Editor-LightPropagationVolumeEditor.dll (API version 3709383).
LogModuleManager: Display: Found up-to-date module file ../../../Engine/Plugins/Developer/GitSourceControl/Binaries/Win64/UE4Editor-GitSourceControl.dll (API version 3709383).
LogModuleManager: Display: Found up-to-date module file ../../../Engine/Plugins/Developer/PerforceSourceControl/Binaries/Win64/UE4Editor-PerforceSourceControl.dll (API version 3709383).
LogModuleManager: Display: Found up-to-date module file ../../../Engine/Plugins/Developer/SubversionSourceControl/Binaries/Win64/UE4Editor-SubversionSourceControl.dll (API version 3709383).
LogModuleManager: Display: Found up-to-date module file ../../../Engine/Plugins/Developer/UObjectPlugin/Binaries/Win64/UE4Editor-UObjectPlugin.dll (API version 3709383).
LogModuleManager: Display: Found up-to-date module file ../../../Engine/Plugins/Developer/VisualStudioCodeSourceCodeAccess/Binaries/Win64/UE4Editor-VisualStudioCodeSourceCodeAccess.dll (API version 3709383).
LogModuleManager: Display: Found up-to-date module file ../../../Engine/Plugins/Developer/VisualStudioSourceCodeAccess/Binaries/Win64/UE4Editor-VisualStudioSourceCodeAccess.dll (API version 3709383).
LogModuleManager: Display: Found up-to-date module file ../../../Engine/Plugins/Editor/AssetManagerEditor/Binaries/Win64/UE4Editor-AssetManagerEditor.dll (API version 3709383).
LogModuleManager: Display: Found up-to-date module file ../../../Engine/Plugins/Editor/AudioCapture/Binaries/Win64/UE4Editor-AudioCapture.dll (API version 3709383).
LogModuleManager: Display: Found up-to-date module file ../../../Engine/Plugins/Editor/FacialAnimation/Binaries/Win64/UE4Editor-FacialAnimation.dll (API version 3709383).
LogModuleManager: Display: Found up-to-date module file ../../../Engine/Plugins/Editor/FacialAnimation/Binaries/Win64/UE4Editor-FacialAnimationEditor.dll (API version 3709383).
LogModuleManager: Display: Found up-to-date module file ../../../Engine/Plugins/Editor/GameplayTagsEditor/Binaries/Win64/UE4Editor-GameplayTagsEditor.dll (API version 3709383).
LogModuleManager: Display: Found up-to-date module file ../../../Engine/Plugins/Editor/MobileLauncherProfileWizard/Binaries/Win64/UE4Editor-MobileLauncherProfileWizard.dll (API version 3709383).
LogModuleManager: Display: Found up-to-date module file ../../../Engine/Plugins/Editor/PluginBrowser/Binaries/Win64/UE4Editor-PluginBrowser.dll (API version 3709383).
LogModuleManager: Display: Found up-to-date module file ../../../Engine/Plugins/Editor/SpeedTreeImporter/Binaries/Win64/UE4Editor-SpeedTreeImporter.dll (API version 3709383).
LogModuleManager: Display: Found up-to-date module file ../../../Engine/Plugins/Experimental/AlembicImporter/Binaries/Win64/UE4Editor-AlembicImporter.dll (API version 3709383).
LogModuleManager: Display: Found up-to-date module file ../../../Engine/Plugins/Experimental/AlembicImporter/Binaries/Win64/UE4Editor-AlembicLibrary.dll (API version 3709383).
LogModuleManager: Display: Found up-to-date module file ../../../Engine/Plugins/Experimental/CharacterAI/Binaries/Win64/UE4Editor-CharacterAI.dll (API version 3709383).
LogModuleManager: Display: Found up-to-date module file ../../../Engine/Plugins/Experimental/HTML5Networking/Binaries/Win64/UE4Editor-HTML5Networking.dll (API version 3709383).
LogModuleManager: Display: Found up-to-date module file ../../../Engine/Plugins/Media/AndroidMedia/Binaries/Win64/UE4Editor-AndroidMediaEditor.dll (API version 3709383).
LogModuleManager: Display: Found up-to-date module file ../../../Engine/Plugins/Media/AndroidMedia/Binaries/Win64/UE4Editor-AndroidMediaFactory.dll (API version 3709383).
LogModuleManager: Display: Found up-to-date module file ../../../Engine/Plugins/Media/AvfMedia/Binaries/Win64/UE4Editor-AvfMediaEditor.dll (API version 3709383).
LogModuleManager: Display: Found up-to-date module file ../../../Engine/Plugins/Media/AvfMedia/Binaries/Win64/UE4Editor-AvfMediaFactory.dll (API version 3709383).
LogModuleManager: Display: Found up-to-date module file ../../../Engine/Plugins/Media/AvfMedia/Binaries/Win64/UE4Editor-AvfMediaFactory.dll (API version 3709383).
LogModuleManager: Display: Found up-to-date module file ../../../Engine/Plugins/Media/ImgMedia/Binaries/Win64/UE4Editor-ImgMedia.dll (API version 3709383).
LogModuleManager: Display: Found up-to-date module file ../../../Engine/Plugins/Media/ImgMedia/Binaries/Win64/UE4Editor-ImgMediaEditor.dll (API version 3709383).
LogModuleManager: Display: Found up-to-date module file ../../../Engine/Plugins/Media/ImgMedia/Binaries/Win64/UE4Editor-ImgMediaFactory.dll (API version 3709383).
LogModuleManager: Display: Found up-to-date module file ../../../Engine/Plugins/Media/ImgMedia/Binaries/Win64/UE4Editor-ImgMediaFactory.dll (API version 3709383).
LogModuleManager: Display: Found up-to-date module file ../../../Engine/Plugins/Media/ImgMedia/Binaries/Win64/UE4Editor-OpenExrWrapper.dll (API version 3709383).
LogModuleManager: Display: Found up-to-date module file ../../../Engine/Plugins/Media/MediaCompositing/Binaries/Win64/UE4Editor-MediaCompositing.dll (API version 3709383).
LogModuleManager: Display: Found up-to-date module file ../../../Engine/Plugins/Media/MediaCompositing/Binaries/Win64/UE4Editor-MediaCompositingEditor.dll (API version 3709383).
LogModuleManager: Display: Found up-to-date module file ../../../Engine/Plugins/Media/MediaPlayerEditor/Binaries/Win64/UE4Editor-MediaPlayerEditor.dll (API version 3709383).
LogModuleManager: Display: Found up-to-date module file ../../../Engine/Plugins/Media/WmfMedia/Binaries/Win64/UE4Editor-WmfMedia.dll (API version 3709383).
LogModuleManager: Display: Found up-to-date module file ../../../Engine/Plugins/Media/WmfMedia/Binaries/Win64/UE4Editor-WmfMediaEditor.dll (API version 3709383).
LogModuleManager: Display: Found up-to-date module file ../../../Engine/Plugins/Media/WmfMedia/Binaries/Win64/UE4Editor-WmfMediaFactory.dll (API version 3709383).
LogModuleManager: Display: Found up-to-date module file ../../../Engine/Plugins/Media/WmfMedia/Binaries/Win64/UE4Editor-WmfMediaFactory.dll (API version 3709383).
LogModuleManager: Display: Found up-to-date module file ../../../Engine/Plugins/Messaging/TcpMessaging/Binaries/Win64/UE4Editor-TcpMessaging.dll (API version 3709383).
LogModuleManager: Display: Found up-to-date module file ../../../Engine/Plugins/Messaging/UdpMessaging/Binaries/Win64/UE4Editor-UdpMessaging.dll (API version 3709383).
LogModuleManager: Display: Found up-to-date module file ../../../Engine/Plugins/MovieScene/ActorSequence/Binaries/Win64/UE4Editor-ActorSequence.dll (API version 3709383).
LogModuleManager: Display: Found up-to-date module file ../../../Engine/Plugins/MovieScene/LevelSequenceEditor/Binaries/Win64/UE4Editor-LevelSequenceEditor.dll (API version 3709383).
LogModuleManager: Display: Found up-to-date module file ../../../Engine/Plugins/MovieScene/MatineeToLevelSequence/Binaries/Win64/UE4Editor-MatineeToLevelSequence.dll (API version 3709383).
LogModuleManager: Display: Found up-to-date module file ../../../Engine/Plugins/Online/OnlineSubsystem/Binaries/Win64/UE4Editor-OnlineSubsystem.dll (API version 3709383).
LogModuleManager: Display: Found up-to-date module file ../../../Engine/Plugins/Runtime/AndroidPermission/Binaries/Win64/UE4Editor-AndroidPermission.dll (API version 3709383).
LogModuleManager: Display: Found up-to-date module file ../../../Engine/Plugins/Online/OnlineSubsystemNull/Binaries/Win64/UE4Editor-OnlineSubsystemNull.dll (API version 3709383).
LogModuleManager: Display: Found up-to-date module file ../../../Engine/Plugins/Online/OnlineSubsystemUtils/Binaries/Win64/UE4Editor-OnlineSubsystemUtils.dll (API version 3709383).
LogModuleManager: Display: Found up-to-date module file ../../../Engine/Plugins/Online/OnlineSubsystemUtils/Binaries/Win64/UE4Editor-OnlineBlueprintSupport.dll (API version 3709383).
LogModuleManager: Display: Found up-to-date module file ../../../Engine/Plugins/Runtime/AndroidDeviceProfileSelector/Binaries/Win64/UE4Editor-AndroidDeviceProfileSelector.dll (API version 3709383).
LogModuleManager: Display: Found up-to-date module file ../../../Engine/Plugins/Runtime/AppleARKit/Binaries/Win64/UE4Editor-AppleARKit.dll (API version 3709383).
LogModuleManager: Display: Found up-to-date module file ../../../Engine/Plugins/Runtime/ArchVisCharacter/Binaries/Win64/UE4Editor-ArchVisCharacter.dll (API version 3709383).
LogModuleManager: Display: Found up-to-date module file ../../../Engine/Plugins/Runtime/CableComponent/Binaries/Win64/UE4Editor-CableComponent.dll (API version 3709383).
LogModuleManager: Display: Found up-to-date module file ../../../Engine/Plugins/Runtime/CustomMeshComponent/Binaries/Win64/UE4Editor-CustomMeshComponent.dll (API version 3709383).
LogModuleManager: Display: Found up-to-date module file ../../../Engine/Plugins/Runtime/ExampleDeviceProfileSelector/Binaries/Win64/UE4Editor-ExampleDeviceProfileSelector.dll (API version 3709383).
LogModuleManager: Display: Found up-to-date module file ../../../Engine/Plugins/Runtime/ImmediatePhysics/Binaries/Win64/UE4Editor-ImmediatePhysics.dll (API version 3709383).
LogModuleManager: Display: Found up-to-date module file ../../../Engine/Plugins/Runtime/ImmediatePhysics/Binaries/Win64/UE4Editor-ImmediatePhysicsEditor.dll (API version 3709383).
LogModuleManager: Display: Found up-to-date module file ../../../Engine/Plugins/Runtime/LocationServicesBPLibrary/Binaries/Win64/UE4Editor-LocationServicesBPLibrary.dll (API version 3709383).
LogModuleManager: Display: Found up-to-date module file ../../../Engine/Plugins/Runtime/MobilePatchingUtils/Binaries/Win64/UE4Editor-MobilePatchingUtils.dll (API version 3709383).
LogModuleManager: Display: Found up-to-date module file ../../../Engine/Plugins/Runtime/Oculus/OculusVR/Binaries/Win64/UE4Editor-OculusHMD.dll (API version 3709383).
LogModuleManager: Display: Found up-to-date module file ../../../Engine/Plugins/Runtime/Oculus/OculusVR/Binaries/Win64/UE4Editor-OculusInput.dll (API version 3709383).
LogModuleManager: Display: Found up-to-date module file ../../../Engine/Plugins/Runtime/Oculus/OculusVR/Binaries/Win64/UE4Editor-OculusEditor.dll (API version 3709383).
LogModuleManager: Display: Found up-to-date module file ../../../Engine/Plugins/Runtime/PhysXVehicles/Binaries/Win64/UE4Editor-PhysXVehicles.dll (API version 3709383).
LogModuleManager: Display: Found up-to-date module file ../../../Engine/Plugins/Runtime/PhysXVehicles/Binaries/Win64/UE4Editor-PhysXVehiclesEditor.dll (API version 3709383).
LogModuleManager: Display: Found up-to-date module file ../../../Engine/Plugins/Runtime/ProceduralMeshComponent/Binaries/Win64/UE4Editor-ProceduralMeshComponent.dll (API version 3709383).
LogModuleManager: Display: Found up-to-date module file ../../../Engine/Plugins/Runtime/ProceduralMeshComponent/Binaries/Win64/UE4Editor-ProceduralMeshComponentEditor.dll (API version 3709383).
LogModuleManager: Display: Found up-to-date module file ../../../Engine/Plugins/Runtime/RuntimePhysXCooking/Binaries/Win64/UE4Editor-RuntimePhysXCooking.dll (API version 3709383).
LogModuleManager: Display: Found up-to-date module file ../../../Engine/Plugins/Runtime/Steam/SteamVR/Binaries/Win64/UE4Editor-SteamVR.dll (API version 3709383).
LogModuleManager: Display: Found up-to-date module file ../../../Engine/Plugins/Runtime/Steam/SteamVR/Binaries/Win64/UE4Editor-SteamVRController.dll (API version 3709383).
LogModuleManager: Display: Found up-to-date module file ../../../Engine/Plugins/Runtime/WindowsMoviePlayer/Binaries/Win64/UE4Editor-WindowsMoviePlayer.dll (API version 3709383).
LogPluginManager: Mounting plugin Paper2D
LogPluginManager: Mounting plugin LightPropagationVolume
LogPluginManager: Mounting plugin CodeLiteSourceCodeAccess
LogPluginManager: Mounting plugin GitSourceControl
LogPluginManager: Mounting plugin KDevelopSourceCodeAccess
LogPluginManager: Mounting plugin NullSourceCodeAccess
LogPluginManager: Mounting plugin PerforceSourceControl
LogPluginManager: Mounting plugin SubversionSourceControl
LogPluginManager: Mounting plugin UObjectPlugin
LogPluginManager: Mounting plugin VisualStudioCodeSourceCodeAccess
LogPluginManager: Mounting plugin VisualStudioSourceCodeAccess
LogPluginManager: Mounting plugin XCodeSourceCodeAccess
LogPluginManager: Mounting plugin AssetManagerEditor
LogPluginManager: Mounting plugin AudioCapture
LogPluginManager: Mounting plugin FacialAnimation
LogPluginManager: Mounting plugin GameplayTagsEditor
LogPluginManager: Mounting plugin MobileLauncherProfileWizard
LogPluginManager: Mounting plugin PluginBrowser
LogPluginManager: Mounting plugin SpeedTreeImporter
LogPluginManager: Mounting plugin AlembicImporter
LogPluginManager: Mounting plugin CharacterAI
LogPluginManager: Mounting plugin HTML5Networking
LogPluginManager: Mounting plugin AndroidMedia
LogPluginManager: Mounting plugin AvfMedia
LogPluginManager: Mounting plugin ImgMedia
LogPluginManager: Mounting plugin MediaCompositing
LogPluginManager: Mounting plugin MediaPlayerEditor
LogPluginManager: Mounting plugin WmfMedia
LogPluginManager: Mounting plugin TcpMessaging
LogPluginManager: Mounting plugin UdpMessaging
LogPluginManager: Mounting plugin ActorSequence
LogPluginManager: Mounting plugin LevelSequenceEditor
LogPluginManager: Mounting plugin MatineeToLevelSequence
LogPluginManager: Mounting plugin OnlineSubsystemGooglePlay
LogPluginManager: Mounting plugin OnlineSubsystemIOS
LogPluginManager: Mounting plugin OnlineSubsystem
LogPluginManager: Mounting plugin OnlineSubsystemNull
LogPluginManager: Mounting plugin OnlineSubsystemUtils
LogPluginManager: Mounting plugin AndroidDeviceProfileSelector
LogPluginManager: Mounting plugin AndroidMoviePlayer
LogPluginManager: Mounting plugin AndroidPermission
LogPluginManager: Mounting plugin AppleARKit
LogPluginManager: Mounting plugin AppleMoviePlayer
LogPluginManager: Mounting plugin ArchVisCharacter
LogPluginManager: Mounting plugin CableComponent
LogPluginManager: Mounting plugin CustomMeshComponent
LogPluginManager: Mounting plugin ExampleDeviceProfileSelector
LogPluginManager: Mounting plugin GoogleCloudMessaging
LogPluginManager: Mounting plugin ImmediatePhysics
LogPluginManager: Mounting plugin IOSDeviceProfileSelector
LogPluginManager: Mounting plugin LinuxDeviceProfileSelector
LogPluginManager: Mounting plugin LocationServicesBPLibrary
LogPluginManager: Mounting plugin MobilePatchingUtils
LogPluginManager: Mounting plugin OculusVR
LogPluginManager: Plugin shader directory ../../../Engine/Plugins/Runtime/Oculus/OculusVR/Shaders found
LogPluginManager: Mapping shader source directory ../../../Engine/Plugins/Runtime/Oculus/OculusVR/Shaders to virtual directory /Plugin/OculusVR
LogPluginManager: Mounting plugin PhysXVehicles
LogPluginManager: Mounting plugin ProceduralMeshComponent
LogPluginManager: Mounting plugin RuntimePhysXCooking
LogPluginManager: Mounting plugin SteamVR
LogPluginManager: Mounting plugin WindowsMoviePlayer
LogInit: Using libcurl 7.47.1
LogInit:  - built for x86_64-pc-win32
LogInit:  - supports SSL with OpenSSL/1.0.2g
LogInit:  - supports HTTP deflate (compression) using libz 1.2.8
LogInit:  - other features:
LogInit:      CURL_VERSION_SSL
LogInit:      CURL_VERSION_LIBZ
LogInit:      CURL_VERSION_IPV6
LogInit:      CURL_VERSION_ASYNCHDNS
LogInit:      CURL_VERSION_LARGEFILE
LogInit:      CURL_VERSION_IDN
LogInit:  CurlRequestOptions (configurable via config and command line):
LogInit:  - bVerifyPeer = false  - Libcurl will NOT verify peer certificate
LogInit:  - bUseHttpProxy = false  - Libcurl will NOT use HTTP proxy
LogInit:  - bDontReuseConnections = false  - Libcurl will reuse connections
LogInit:  - CertBundlePath = nullptr  - Libcurl will use whatever was configured at build time.
LogInit: Build: ++UE4+Release-4.18-CL-3832480
LogInit: Engine Version: 4.18.3-3832480+++UE4+Release-4.18
LogInit: Compatible Engine Version: 4.18.0-3709383+++UE4+Release-4.18
LogInit: Net CL: 3709383
LogDevObjectVersion: Number of dev versions registered: 16
LogDevObjectVersion:   Dev-Blueprints (B0D832E4-1F89-4F0D-ACCF-7EB736FD4AA2): 10
LogDevObjectVersion:   Dev-Build (E1C64328-A22C-4D53-A36C-8E866417BD8C): 0
LogDevObjectVersion:   Dev-Core (375EC13C-06E4-48FB-B500-84F0262A717E): 2
LogDevObjectVersion:   Dev-Editor (E4B068ED-F494-42E9-A231-DA0B2E46BB41): 20
LogDevObjectVersion:   Dev-Framework (CFFC743F-43B0-4480-9391-14DF171D2073): 30
LogDevObjectVersion:   Dev-Mobile (B02B49B5-BB20-44E9-A304-32B752E40360): 0
LogDevObjectVersion:   Dev-Networking (A4E4105C-59A1-49B5-A7C5-40C4547EDFEE): 0
LogDevObjectVersion:   Dev-Online (39C831C9-5AE6-47DC-9A44-9C173E1C8E7C): 0
LogDevObjectVersion:   Dev-Physics (78F01B33-EBEA-4F98-B9B4-84EACCB95AA2): 0
LogDevObjectVersion:   Dev-Platform (6631380F-2D4D-43E0-8009-CF276956A95A): 0
LogDevObjectVersion:   Dev-Rendering (12F88B9F-8875-4AFC-A67C-D90C383ABD29): 20
LogDevObjectVersion:   Dev-Sequencer (7B5AE74C-D270-4C10-A958-57980B212A5A): 4
LogDevObjectVersion:   Dev-VR (D7296918-1DD6-4BDD-9DE2-64A83CC13884): 0
LogDevObjectVersion:   Dev-LoadTimes (C2A15278-BFE7-4AFE-6C17-90FF531DF755): 1
LogDevObjectVersion:   Private-Geometry (6EACA3D4-40EC-4CC1-B786-8BED09428FC5): 1
LogDevObjectVersion:   Dev-AnimPhys (29E575DD-E0A3-4627-9D10-D276232CDCEA): 12
LogInit: Compiled (64-bit): Jan 12 2018 02:04:55
LogInit: Compiled with Visual C++: 19.00.24215.01
LogInit: Build Configuration: Development
LogInit: Branch Name: ++UE4+Release-4.18
LogInit: Command line:  
LogInit: Base directory: C:/Program Files/Epic Games/UE_4.18/Engine/Binaries/Win64/
LogInit: Installed Engine Build: 1
LogInit: Presizing for max 8388607 objects, including 0 objects not considered by GC, pre-allocating 0 bytes for permanent pool.
LogInit: Object subsystem initialized
[2019.02.17-13.19.27:425][  0]LogInit: Selected Device Profile: [Windows]
[2019.02.17-13.19.27:426][  0]LogInit: Applying CVar settings loaded from the selected device profile: [Windows]
[2019.02.17-13.19.27:441][  0]LogInit: Computer: AVATAR
[2019.02.17-13.19.27:441][  0]LogInit: User: Brian
[2019.02.17-13.19.27:441][  0]LogInit: CPU Page size=4096, Cores=4
[2019.02.17-13.19.27:441][  0]LogInit: High frequency timer resolution =3.125009 MHz
[2019.02.17-13.19.27:441][  0]LogMemory: Memory total: Physical=7.9GB (8GB approx)
[2019.02.17-13.19.27:441][  0]LogMemory: Platform Memory Stats for Windows
[2019.02.17-13.19.27:441][  0]LogMemory: Process Physical Memory: 273.21 MB used, 273.21 MB peak
[2019.02.17-13.19.27:441][  0]LogMemory: Process Virtual Memory: 271.76 MB used, 271.76 MB peak
[2019.02.17-13.19.27:441][  0]LogMemory: Physical Memory: 5793.54 MB used,  2333.78 MB free, 8127.31 MB total
[2019.02.17-13.19.27:441][  0]LogMemory: Virtual Memory: 4767.36 MB used,  2333.78 MB free, 134217728.00 MB total
[2019.02.17-13.19.28:031][  0]LogInit: Using OS detected language (en-US).
[2019.02.17-13.19.28:031][  0]LogInit: Using OS detected locale (en-US).
[2019.02.17-13.19.28:038][  0]LogTextLocalizationManager: No specific localization for 'en-US' exists, so the 'en' localization will be used.
[2019.02.17-13.19.28:601][  0]LogInit: Setting process to per monitor DPI aware
[2019.02.17-13.19.29:148][  0]LogD3D11RHI: D3D11 adapters:
[2019.02.17-13.19.29:234][  0]LogD3D11RHI:    0. 'NVIDIA GeForce GTX 760' (Feature Level 11_0)
[2019.02.17-13.19.29:234][  0]LogD3D11RHI:       2017/0/4063 MB DedicatedVideo/DedicatedSystem/SharedSystem, Outputs:1, VendorId:0x10de
[2019.02.17-13.19.29:238][  0]LogD3D11RHI:    1. 'Microsoft Basic Render Driver' (Feature Level 11_0)
[2019.02.17-13.19.29:239][  0]LogD3D11RHI:       0/0/4063 MB DedicatedVideo/DedicatedSystem/SharedSystem, Outputs:0, VendorId:0x1414
[2019.02.17-13.19.29:239][  0]LogD3D11RHI: Chosen D3D11 Adapter: 0
[2019.02.17-13.19.29:253][  0]LogD3D11RHI: Creating new Direct3DDevice
[2019.02.17-13.19.29:253][  0]LogD3D11RHI:     GPU DeviceId: 0x1187 (for the marketing name, search the web for "GPU Device Id")
[2019.02.17-13.19.29:253][  0]LogWindows: EnumDisplayDevices:
[2019.02.17-13.19.29:253][  0]LogWindows:    0. 'NVIDIA GeForce GTX 760' (P:1 D:1)
[2019.02.17-13.19.29:254][  0]LogWindows:    1. 'NVIDIA GeForce GTX 760' (P:0 D:0)
[2019.02.17-13.19.29:254][  0]LogWindows:    2. 'NVIDIA GeForce GTX 760' (P:0 D:0)
[2019.02.17-13.19.29:255][  0]LogWindows:    3. 'NVIDIA GeForce GTX 760' (P:0 D:0)
[2019.02.17-13.19.29:255][  0]LogWindows: DebugString: GetVideoDriverDetailsInvalid PrimaryIsNotTheChoosenAdapter GetVideoDriverDetailsInvalid PrimaryIsNotTheChoosenAdapter GetVideoDriverDetailsInvalid PrimaryIsNotTheChoosenAdapter GetVideoDriverDetailsInvalid PrimaryIsNotTheChoosenAdapter FoundDriverCount:0 
[2019.02.17-13.19.29:255][  0]LogD3D11RHI:     Adapter Name: NVIDIA GeForce GTX 760
[2019.02.17-13.19.29:255][  0]LogD3D11RHI:   Driver Version: Unknown (internal:Unknown, unified:Unknown)
[2019.02.17-13.19.29:255][  0]LogD3D11RHI:      Driver Date: Unknown
[2019.02.17-13.19.29:255][  0]LogRHI: Texture pool is 1412 MB (70% of 2017 MB)
[2019.02.17-13.19.29:301][  0]LogD3D11RHI: Async texture creation enabled
[2019.02.17-13.19.29:361][  0]LogD3D11RHI: GPU Timing Frequency: 1000.000000 (Debug: 2 1)
[2019.02.17-13.19.29:365][  0]LogShaderCompilers: Guid format shader working directory is -19 characters bigger than the processId version (../../../../../../Users/Brian/Documents/Unreal Projects/Bloxxxxx/Intermediate/Shaders/WorkingDirectory/17944/).
[2019.02.17-13.19.29:365][  0]LogShaderCompilers: Cleaned the shader compiler working directory 'C:/Users/Brian/AppData/Local/Temp/UnrealShaderWorkingDir/76AD3B7649ED7D0313234BA0634EB063/'.
[2019.02.17-13.19.29:365][  0]LogShaderCompilers: Display: Using Local Shader Compiler.
[2019.02.17-13.19.30:874][  0]LogTemp: Display: Loaded TP AllDesktopTargetPlatform
[2019.02.17-13.19.31:022][  0]LogTemp: Display: Loaded TP MacClientTargetPlatform
[2019.02.17-13.19.31:182][  0]LogTemp: Display: Loaded TP MacNoEditorTargetPlatform
[2019.02.17-13.19.31:342][  0]LogTemp: Display: Loaded TP MacServerTargetPlatform
[2019.02.17-13.19.31:491][  0]LogTemp: Display: Loaded TP MacTargetPlatform
[2019.02.17-13.19.31:647][  0]LogTemp: Display: Loaded TP WindowsClientTargetPlatform
[2019.02.17-13.19.31:796][  0]LogTemp: Display: Loaded TP WindowsNoEditorTargetPlatform
[2019.02.17-13.19.31:943][  0]LogTemp: Display: Loaded TP WindowsServerTargetPlatform
[2019.02.17-13.19.32:065][  0]LogTemp: Display: Loaded TP WindowsTargetPlatform
[2019.02.17-13.19.32:185][  0]LogTemp: Display: Loaded TP Android_ASTCTargetPlatform
[2019.02.17-13.19.32:428][  0]LogTemp: Display: Loaded TP Android_ATCTargetPlatform
[2019.02.17-13.19.32:548][  0]LogTemp: Display: Loaded TP Android_DXTTargetPlatform
[2019.02.17-13.19.32:667][  0]LogTemp: Display: Loaded TP Android_ETC1TargetPlatform
[2019.02.17-13.19.32:788][  0]LogTemp: Display: Loaded TP Android_ETC2TargetPlatform
[2019.02.17-13.19.33:028][  0]LogTemp: Display: Loaded TP Android_MultiTargetPlatform
[2019.02.17-13.19.33:028][  0]LogTemp: Display: Loaded TP Android_PVRTCTargetPlatform
[2019.02.17-13.19.33:147][  0]LogTemp: Display: Loaded TP AndroidTargetPlatform
[2019.02.17-13.19.33:252][  0]LogTemp: Display: Loaded TP HTML5TargetPlatform
[2019.02.17-13.19.33:442][  0]LogTemp: Display: Loaded TP IOSTargetPlatform
[2019.02.17-13.19.33:498][  0]LogTemp: Display: Loaded TP TVOSTargetPlatform
[2019.02.17-13.19.33:615][  0]LogTemp: Display: Loaded TP LinuxClientTargetPlatform
[2019.02.17-13.19.33:735][  0]LogTemp: Display: Loaded TP LinuxNoEditorTargetPlatform
[2019.02.17-13.19.33:854][  0]LogTemp: Display: Loaded TP LinuxServerTargetPlatform
[2019.02.17-13.19.33:976][  0]LogTemp: Display: Loaded TP LinuxTargetPlatform
[2019.02.17-13.19.33:976][  0]LogTargetPlatformManager: Display: Building Assets For Windows
[2019.02.17-13.19.36:962][  0]LogDerivedDataCache: Display: Max Cache Size: 512 MB
[2019.02.17-13.19.37:159][  0]LogDerivedDataCache: Loaded boot cache 0.16s 78MB C:/Users/Brian/AppData/Local/UnrealEngine/4.18/DerivedDataCache/Boot.ddc.
[2019.02.17-13.19.37:243][  0]LogDerivedDataCache: Display: Loaded Boot cache: C:/Users/Brian/AppData/Local/UnrealEngine/4.18/DerivedDataCache/Boot.ddc
[2019.02.17-13.19.37:243][  0]LogDerivedDataCache: FDerivedDataBackendGraph:  Pak pak cache file ../../../../../../Users/Brian/Documents/Unreal Projects/Bloxxxxx/DerivedDataCache/DDC.ddp not found, will not use a pak cache.
[2019.02.17-13.19.37:243][  0]LogDerivedDataCache: Unable to find inner node Pak for hierarchical cache Hierarchy.
[2019.02.17-13.19.37:243][  0]LogDerivedDataCache: FDerivedDataBackendGraph:  CompressedPak pak cache file ../../../../../../Users/Brian/Documents/Unreal Projects/Bloxxxxx/DerivedDataCache/Compressed.ddp not found, will not use a pak cache.
[2019.02.17-13.19.37:244][  0]LogDerivedDataCache: Unable to find inner node CompressedPak for hierarchical cache Hierarchy.
[2019.02.17-13.19.37:261][  0]LogDerivedDataCache: Display: Pak cache opened for reading ../../../Engine/DerivedDataCache/Compressed.ddp.
[2019.02.17-13.19.37:275][  0]LogDerivedDataCache: Using Local data cache path C:/Users/Brian/AppData/Local/UnrealEngine/Common/DerivedDataCache: Writable
[2019.02.17-13.19.37:291][  0]LogMaterial: Verifying Global Shaders for PCD3D_SM5
[2019.02.17-13.19.37:291][  0]LogSlate: Using Freetype 2.6.0
[2019.02.17-13.19.37:293][  0]LogSlate: SlateFontCache - WITH_FREETYPE: 1, WITH_HARFBUZZ: 1
[2019.02.17-13.19.37:293][  0]LogSlate: SlateFontCache - WITH_FREETYPE: 1, WITH_HARFBUZZ: 1
[2019.02.17-13.19.37:982][  0]LogInit: Selected Device Profile: [Windows]
[2019.02.17-13.19.38:834][  0]LogSimplygon: Simplygon DLL not present - disabling.
[2019.02.17-13.19.38:948][  0]LogMeshReduction: Using SimplygonSwarm for distributed automatic mesh merging
[2019.02.17-13.19.38:948][  0]LogMeshReduction: Using QuadricMeshReduction for automatic static mesh reduction
[2019.02.17-13.19.38:948][  0]LogMeshReduction: No automatic skeletal mesh reduction module available
[2019.02.17-13.19.38:948][  0]LogMeshReduction: No automatic mesh merging module available
[2019.02.17-13.19.38:948][  0]LogMeshMerging: No automatic mesh merging module available
[2019.02.17-13.19.39:019][  0]LogNetVersion: Bloxxxxx , NetCL: 3709383, EngineNetVer: 2, GameNetVer: 0 (Checksum: 180937762)
[2019.02.17-13.19.39:356][  0]LogAssetRegistry: FAssetRegistry took 0.0286 seconds to start up
[2019.02.17-13.19.40:442][  0]LogPackageLocalizationCache: Processed 7 localized package path(s) for 2 prioritized culture(s) in 0.097844 seconds
[2019.02.17-13.19.40:448][  0]LogUObjectArray: 35871 objects as part of root set at end of initial load.
[2019.02.17-13.19.40:448][  0]LogUObjectAllocator: 7363920 out of 0 bytes used by permanent object pool.
[2019.02.17-13.19.40:448][  0]LogUObjectArray: CloseDisregardForGC: 0/0 objects in disregard for GC pool
[2019.02.17-13.19.40:588][  0]LogInit: WinSock: version 1.1 (2.2), MaxSocks=32767, MaxUdp=65467
[2019.02.17-13.19.47:620][  0]LogTcpMessaging: Initializing TcpMessaging bridge
[2019.02.17-13.19.47:754][  0]LogUdpMessaging: Initializing bridge on interface 0.0.0.0:0 to multicast group 230.0.0.1:6666.
[2019.02.17-13.19.49:841][  0]LogMaterial: Uniform references updated for custom material expression Custom.
[2019.02.17-13.19.51:066][  0]SourceControl: Source control is disabled
[2019.02.17-13.19.51:066][  0]SourceControl: Source control is disabled
[2019.02.17-13.19.51:243][  0]SourceControl: Source control is disabled
[2019.02.17-13.19.51:417][  0]SourceControl: Source control is disabled
[2019.02.17-13.19.54:150][  0]LogAndroidPermission: UAndroidPermissionCallbackProxy::GetInstance
[2019.02.17-13.19.55:134][  0]LogOcInput: OculusInput pre-init called
[2019.02.17-13.19.56:018][  0]LogEngine: Initializing Engine...
[2019.02.17-13.19.56:031][  0]LogHMD: Failed to initialize OpenVR with code 105
[2019.02.17-13.19.56:397][  0]LogStats: UGameplayTagsManager::ConstructGameplayTagTree: Construct from data asset -  0.000 s
[2019.02.17-13.19.56:397][  0]LogStats: UGameplayTagsManager::ConstructGameplayTagTree: GameplayTagTreeChangedEvent.Broadcast -  0.000 s
[2019.02.17-13.19.56:831][  0]LogAIModule: Creating AISystem for world Untitled
[2019.02.17-13.19.56:850][  0]LogInit: XAudio2 using 'Speakers (Realtek High Definition Audio)' : 2 channels at 48 kHz using 32 bits per sample (channel mask 0x3)
[2019.02.17-13.19.56:900][  0]LogInit: FAudioDevice initialized.
[2019.02.17-13.19.58:389][  0]LogDerivedDataCache: Saved boot cache 1.49s 78MB C:/Users/Brian/AppData/Local/UnrealEngine/4.18/DerivedDataCache/Boot.ddc.
[2019.02.17-13.19.58:420][  0]LogInit: Texture streaming: Enabled
[2019.02.17-13.19.58:732][  0]LogEngineSessionManager: EngineSessionManager initialized
[2019.02.17-13.19.59:123][  0]LogInit: Transaction tracking system initialized
[2019.02.17-13.20.00:109][  0]BlueprintLog: New page: Editor Load
[2019.02.17-13.20.02:829][  0]LocalizationService: Localization service is disabled
[2019.02.17-13.20.06:017][  0]LogConsoleResponse: Display: 
[2019.02.17-13.20.06:397][  0]LogCook: Display: Max memory allowance for cook 16384mb min free memory 0mb
[2019.02.17-13.20.06:397][  0]LogCook: Display: Mobile HDR setting 1
[2019.02.17-13.20.06:397][  0]LogGameplayTags: Display: UGameplayTagsManager::DoneAddingNativeTags. DelegateIsBound: 0
[2019.02.17-13.20.06:471][  0]LogFileCache: Scanning file cache for directory 'C:/Users/Brian/Documents/Unreal Projects/Bloxxxxx/Content/' took 0.03s
[2019.02.17-13.20.10:420][  0]SourceControl: Source control is disabled
[2019.02.17-13.20.10:420][  0]Cmd: MAP LOAD FILE="../../../../../../Users/Brian/Documents/Unreal Projects/Bloxxxxx/Content/FirstPersonBP/Maps/FirstPersonExampleMap.umap" TEMPLATE=0 SHOWPROGRESS=1 FEATURELEVEL=3
[2019.02.17-13.20.10:421][  0]LightingResults: New page: Lighting Build
[2019.02.17-13.20.10:556][  0]MapCheck: New page: Map Check
[2019.02.17-13.20.10:556][  0]LightingResults: New page: Lighting Build
[2019.02.17-13.20.11:491][  0]LogAIModule: Creating AISystem for world FirstPersonExampleMap
[2019.02.17-13.20.11:505][  0]LogEditorServer: Finished looking for orphan Actors (0.000 secs)
[2019.02.17-13.20.11:522][  0]Cmd: MAP CHECKDEP NOCLEARLOG
[2019.02.17-13.20.11:663][  0]MapCheck: Map check complete: 0 Error(s), 0 Warning(s), took 140.828ms to complete.
[2019.02.17-13.20.11:663][  0]LogFileHelpers: Loading map 'FirstPersonExampleMap' took 1.244
[2019.02.17-13.20.11:848][  0]LogCollectionManager: Loaded 0 collections in 0.005732 seconds
[2019.02.17-13.20.12:006][  0]LogFileCache: Scanning file cache for directory 'C:/Users/Brian/Documents/Unreal Projects/Bloxxxxx/Saved/Collections/' took 0.01s
[2019.02.17-13.20.12:006][  0]LogFileCache: Scanning file cache for directory 'C:/Users/Brian/Documents/Unreal Projects/Bloxxxxx/Content/Developers/Brian/Collections/' took 0.01s
[2019.02.17-13.20.12:006][  0]LogFileCache: Scanning file cache for directory 'C:/Users/Brian/Documents/Unreal Projects/Bloxxxxx/Content/Collections/' took 0.01s
[2019.02.17-13.20.12:006][  0]LogCollectionManager: Rebuilt the GUID cache for 0 collections in 0.000000 seconds
[2019.02.17-13.20.12:015][  0]LogContentBrowser: Native class hierarchy populated in 0.0092 seconds. Added 2363 classes and 519 folders.
[2019.02.17-13.20.12:193][  0]LogContentBrowser: Native class hierarchy updated for 'WidgetCarousel' in 0.0004 seconds. Added 0 classes and 0 folders.
[2019.02.17-13.20.12:326][  0]LogContentBrowser: Native class hierarchy updated for 'AddContentDialog' in 0.0002 seconds. Added 0 classes and 0 folders.
[2019.02.17-13.20.12:494][  0]LogContentBrowser: Native class hierarchy updated for 'SceneOutliner' in 0.0003 seconds. Added 1 classes and 2 folders.
[2019.02.17-13.20.12:588][  0]LogSlate: Took 0.000370 seconds to synchronously load lazily loaded font '../../../Engine/Content/Slate/Fonts/Roboto-Regular.ttf' (155K)
[2019.02.17-13.20.12:590][  0]LogSlate: Took 0.000395 seconds to synchronously load lazily loaded font '../../../Engine/Content/Slate/Fonts/Roboto-Bold.ttf' (160K)
[2019.02.17-13.20.12:596][  0]LogSlate: Took 0.000444 seconds to synchronously load lazily loaded font '../../../Engine/Content/Editor/Slate/Fonts/FontAwesome.ttf' (139K)
[2019.02.17-13.20.12:718][  0]LogRenderer: Reallocating scene render targets to support 1272x508 Format 9 NumSamples 1 (Frame:1).
[2019.02.17-13.20.13:180][  0]LogContentBrowser: Native class hierarchy updated for 'HierarchicalLODOutliner' in 0.0003 seconds. Added 1 classes and 2 folders.
[2019.02.17-13.20.13:180][  0]LogLoad: (Engine Initialization) Total time: 54.29 seconds
[2019.02.17-13.20.13:180][  0]LogLoad: (Engine Initialization) Total Blueprint compile time: 0.00 seconds
[2019.02.17-13.20.13:180][  0]LogExternalProfiler: Found external profiler: VSPerf
[2019.02.17-13.20.13:181][  0]LogExternalProfiler: Using external profiler: VSPerf
[2019.02.17-13.20.13:545][  0]LogContentStreaming: Texture pool size now 800 MB
[2019.02.17-13.20.13:706][  0]LogSlate: Took 0.000360 seconds to synchronously load lazily loaded font '../../../Engine/Content/Slate/Fonts/Roboto-Light.ttf' (159K)
[2019.02.17-13.20.13:862][  1]LogAssetRegistry: Asset discovery search completed in 34.5279 seconds
[2019.02.17-13.20.13:864][  1]LogCollectionManager: Rebuilt the object cache for 0 collections in 0.000000 seconds (found 0 objects)
[2019.02.17-13.20.13:864][  1]LogCollectionManager: Fixed up redirectors for 0 collections in 0.000077 seconds (updated 0 objects)
[2019.02.17-13.20.17:469][  8]LogWindowsTextInputMethodSystem: Display: IME system now deactivated.
[2019.02.17-13.20.20:930][  9]Cmd: QUIT_EDITOR
[2019.02.17-13.20.22:941][  9]LogExit: Preparing to exit.
[2019.02.17-13.20.25:047][  9]LogDirectoryWatcher: A directory notification for 'C:/Users/Brian/Documents/Unreal Projects/Bloxxxxx/Content/' was aborted.
[2019.02.17-13.20.25:629][  9]LogExit: Editor shut down
[2019.02.17-13.20.25:634][  9]LogExit: Transaction tracking system shut down
[2019.02.17-13.20.27:005][  9]LogDirectoryWatcher: A directory notification for '../../../Engine/Content/' was aborted.
[2019.02.17-13.20.27:005][  9]LogDirectoryWatcher: A directory notification for '../../../../../../Users/Brian/Documents/Unreal Projects/Bloxxxxx/Content/' was aborted.
[2019.02.17-13.20.27:005][  9]LogDirectoryWatcher: A directory notification for '../../../Engine/Plugins/2D/Paper2D/Content/' was aborted.
[2019.02.17-13.20.27:005][  9]LogDirectoryWatcher: A directory notification for '../../../Engine/Plugins/Media/MediaCompositing/Content/' was aborted.
[2019.02.17-13.20.27:005][  9]LogDirectoryWatcher: A directory notification for '../../../Engine/Plugins/Runtime/AppleARKit/Content/' was aborted.
[2019.02.17-13.20.27:005][  9]LogDirectoryWatcher: A directory notification for '../../../Engine/Plugins/Runtime/Oculus/OculusVR/Content/' was aborted.
[2019.02.17-13.20.27:005][  9]LogDirectoryWatcher: A directory notification for '../../../Engine/Plugins/Runtime/Steam/SteamVR/Content/' was aborted.
[2019.02.17-13.20.32:586][  9]LogExit: Object subsystem successfully closed.
[2019.02.17-13.20.33:345][  9]LogD3D11RHI: Shutdown
[2019.02.17-13.20.33:359][  9]LogD3D11RHI: CleanupD3DDevice
[2019.02.17-13.20.33:464][  9]LogD3D11RHI: ~FD3D11DynamicRHI
[2019.02.17-13.20.37:647][  9]LogModuleManager: Shutting down and abandoning module HierarchicalLODOutliner (548)
[2019.02.17-13.20.37:647][  9]LogModuleManager: Shutting down and abandoning module SceneOutliner (546)
[2019.02.17-13.20.37:672][  9]LogModuleManager: Shutting down and abandoning module AddContentDialog (544)
[2019.02.17-13.20.37:733][  9]LogDirectoryWatcher: A directory notification for 'C:/Program Files/Epic Games/UE_4.18/FeaturePacks/' was aborted.
[2019.02.17-13.20.37:792][  9]LogModuleManager: Shutting down and abandoning module WidgetCarousel (543)
[2019.02.17-13.20.37:793][  9]LogModuleManager: Shutting down and abandoning module EditorWidgets (540)
[2019.02.17-13.20.37:793][  9]LogModuleManager: Shutting down and abandoning module CollectionManager (538)
[2019.02.17-13.20.37:848][  9]LogDirectoryWatcher: A directory notification for 'C:/Users/Brian/Documents/Unreal Projects/Bloxxxxx/Content/Collections/' was aborted.
[2019.02.17-13.20.37:848][  9]LogDirectoryWatcher: A directory notification for 'C:/Users/Brian/Documents/Unreal Projects/Bloxxxxx/Content/Developers/Brian/Collections/' was aborted.
[2019.02.17-13.20.37:848][  9]LogDirectoryWatcher: A directory notification for 'C:/Users/Brian/Documents/Unreal Projects/Bloxxxxx/Saved/Collections/' was aborted.
[2019.02.17-13.20.37:848][  9]LogModuleManager: Shutting down and abandoning module StatsViewer (536)
[2019.02.17-13.20.37:885][  9]LogModuleManager: Shutting down and abandoning module FoliageEdit (534)
[2019.02.17-13.20.37:905][  9]LogModuleManager: Shutting down and abandoning module LandscapeEditor (532)
[2019.02.17-13.20.38:009][  9]LogModuleManager: Shutting down and abandoning module MeshPaintMode (530)
[2019.02.17-13.20.38:016][  9]LogModuleManager: Shutting down and abandoning module SceneDepthPickerMode (528)
[2019.02.17-13.20.38:016][  9]LogModuleManager: Shutting down and abandoning module ActorPickerMode (526)
[2019.02.17-13.20.38:016][  9]LogModuleManager: Shutting down and abandoning module GeometryMode (524)
[2019.02.17-13.20.38:016][  9]LogModuleManager: Shutting down and abandoning module TextureAlignMode (522)
[2019.02.17-13.20.38:016][  9]LogModuleManager: Shutting down and abandoning module BspMode (520)
[2019.02.17-13.20.38:016][  9]LogModuleManager: Shutting down and abandoning module PIEPreviewDeviceProfileSelector (518)
[2019.02.17-13.20.38:016][  9]LogModuleManager: Shutting down and abandoning module HardwareSurvey (516)
[2019.02.17-13.20.38:016][  9]LogModuleManager: Shutting down and abandoning module SequenceRecorderSections (514)
[2019.02.17-13.20.38:076][  9]LogModuleManager: Shutting down and abandoning module AutomationWorker (512)
[2019.02.17-13.20.38:086][  9]LogModuleManager: Shutting down and abandoning module MatineeToLevelSequence (510)
[2019.02.17-13.20.38:101][  9]LogModuleManager: Shutting down and abandoning module LevelSequenceEditor (508)
[2019.02.17-13.20.38:219][  9]LogModuleManager: Shutting down and abandoning module PlacementMode (507)
[2019.02.17-13.20.38:220][  9]LogModuleManager: Shutting down and abandoning module WmfMediaFactory (504)
[2019.02.17-13.20.38:220][  9]LogModuleManager: Shutting down and abandoning module WmfMediaEditor (502)
[2019.02.17-13.20.38:220][  9]LogModuleManager: Shutting down and abandoning module OpenExrWrapper (500)
[2019.02.17-13.20.38:220][  9]LogModuleManager: Shutting down and abandoning module ImgMediaFactory (498)
[2019.02.17-13.20.38:220][  9]LogModuleManager: Shutting down and abandoning module ImgMediaEditor (496)
[2019.02.17-13.20.38:220][  9]LogModuleManager: Shutting down and abandoning module AvfMediaFactory (494)
[2019.02.17-13.20.38:220][  9]LogModuleManager: Shutting down and abandoning module AvfMediaEditor (492)
[2019.02.17-13.20.38:220][  9]LogModuleManager: Shutting down and abandoning module AndroidMediaFactory (490)
[2019.02.17-13.20.38:220][  9]LogModuleManager: Shutting down and abandoning module AndroidMediaEditor (488)
[2019.02.17-13.20.38:220][  9]LogModuleManager: Shutting down and abandoning module CharacterAI (486)
[2019.02.17-13.20.38:220][  9]LogModuleManager: Shutting down and abandoning module AudioCapture (484)
[2019.02.17-13.20.38:242][  9]LogModuleManager: Shutting down and abandoning module SequenceRecorder (483)
[2019.02.17-13.20.38:295][  9]LogModuleManager: Shutting down and abandoning module SmartSnapping (480)
[2019.02.17-13.20.38:295][  9]LogModuleManager: Shutting down and abandoning module SessionServices (478)
[2019.02.17-13.20.38:295][  9]LogModuleManager: Shutting down and abandoning module ViewportSnapping (476)
[2019.02.17-13.20.38:295][  9]LogModuleManager: Shutting down and abandoning module ViewportInteraction (474)
[2019.02.17-13.20.38:295][  9]LogModuleManager: Shutting down and abandoning module ClothPainter (472)
[2019.02.17-13.20.38:416][  9]LogModuleManager: Shutting down and abandoning module SkeletalMeshEditor (471)
[2019.02.17-13.20.38:505][  9]LogModuleManager: Shutting down and abandoning module LogVisualizer (468)
[2019.02.17-13.20.38:554][  9]LogModuleManager: Shutting down and abandoning module IntroTutorials (466)
[2019.02.17-13.20.38:866][  9]LogModuleManager: Shutting down and abandoning module GameProjectGeneration (465)
[2019.02.17-13.20.38:880][  9]LogModuleManager: Shutting down and abandoning module IOSPlatformEditor (462)
[2019.02.17-13.20.38:880][  9]LogModuleManager: Shutting down and abandoning module HTML5PlatformEditor (460)
[2019.02.17-13.20.38:880][  9]LogModuleManager: Shutting down and abandoning module AndroidPlatformEditor (458)
[2019.02.17-13.20.38:880][  9]LogModuleManager: Shutting down and abandoning module AndroidDeviceDetection (457)
[2019.02.17-13.20.39:280][  9]LogModuleManager: Shutting down and abandoning module WindowsPlatformEditor (454)
[2019.02.17-13.20.39:280][  9]LogModuleManager: Shutting down and abandoning module IOSRuntimeSettings (452)
[2019.02.17-13.20.39:280][  9]LogModuleManager: Shutting down and abandoning module AndroidRuntimeSettings (450)
[2019.02.17-13.20.39:280][  9]LogModuleManager: Shutting down and abandoning module InputBindingEditor (448)
[2019.02.17-13.20.39:318][  9]LogModuleManager: Shutting down and abandoning module MergeActors (446)
[2019.02.17-13.20.39:334][  9]LogModuleManager: Shutting down and abandoning module SizeMap (444)
[2019.02.17-13.20.39:334][  9]LogModuleManager: Shutting down and abandoning module TreeMap (442)
[2019.02.17-13.20.39:361][  9]LogModuleManager: Shutting down and abandoning module ReferenceViewer (440)
[2019.02.17-13.20.39:361][  9]LogModuleManager: Shutting down and abandoning module LocalizationDashboard (438)
[2019.02.17-13.20.39:524][  9]LogModuleManager: Shutting down and abandoning module LocalizationService (437)
[2019.02.17-13.20.39:531][  9]LogModuleManager: Shutting down and abandoning module HardwareTargeting (434)
[2019.02.17-13.20.39:531][  9]LogModuleManager: Shutting down and abandoning module DeviceProfileEditor (432)
[2019.02.17-13.20.39:531][  9]LogModuleManager: Shutting down and abandoning module UndoHistory (430)
[2019.02.17-13.20.39:531][  9]LogModuleManager: Shutting down and abandoning module XmlParser (428)
[2019.02.17-13.20.39:549][  9]LogModuleManager: Shutting down and abandoning module Blutility (426)
[2019.02.17-13.20.39:549][  9]LogModuleManager: Shutting down and abandoning module ProjectSettingsViewer (424)
[2019.02.17-13.20.39:549][  9]LogModuleManager: Shutting down and abandoning module ProjectTargetPlatformEditor (423)
[2019.02.17-13.20.39:550][  9]LogModuleManager: Shutting down and abandoning module EditorSettingsViewer (420)
[2019.02.17-13.20.39:550][  9]LogModuleManager: Shutting down and abandoning module SettingsEditor (418)
[2019.02.17-13.20.39:683][  9]LogModuleManager: Shutting down and abandoning module ProjectLauncher (416)
[2019.02.17-13.20.39:707][  9]LogModuleManager: Shutting down and abandoning module SessionFrontend (414)
[2019.02.17-13.20.39:788][  9]LogModuleManager: Shutting down and abandoning module ProfilerClient (412)
[2019.02.17-13.20.39:826][  9]LogModuleManager: Shutting down and abandoning module DeviceManager (410)
[2019.02.17-13.20.39:853][  9]LogModuleManager: Shutting down and abandoning module TargetDeviceServices (409)
[2019.02.17-13.20.39:930][  9]LogModuleManager: Shutting down and abandoning module AutomationController (406)
[2019.02.17-13.20.40:007][  9]LogModuleManager: Shutting down and abandoning module AutomationWindow (404)
[2019.02.17-13.20.40:114][  9]LogModuleManager: Shutting down and abandoning module Layers (402)
[2019.02.17-13.20.40:242][  9]LogModuleManager: Shutting down and abandoning module ComponentVisualizers (400)
[2019.02.17-13.20.40:242][  9]LogModuleManager: Shutting down and abandoning module DetailCustomizations (398)
[2019.02.17-13.20.40:259][  9]LogModuleManager: Shutting down and abandoning module PackagesDialog (396)
[2019.02.17-13.20.40:298][  9]LogModuleManager: Shutting down and abandoning module Persona (394)
[2019.02.17-13.20.40:348][  9]LogModuleManager: Shutting down and abandoning module AdvancedPreviewScene (393)
[2019.02.17-13.20.40:349][  9]LogModuleManager: Shutting down and abandoning module AnimGraph (391)
[2019.02.17-13.20.40:349][  9]LogModuleManager: Shutting down and abandoning module Kismet (388)
[2019.02.17-13.20.40:408][  9]LogModuleManager: Shutting down and abandoning module ClassViewer (386)
[2019.02.17-13.20.40:408][  9]LogModuleManager: Shutting down and abandoning module Toolbox (384)
[2019.02.17-13.20.40:408][  9]LogModuleManager: Shutting down and abandoning module ModuleUI (382)
[2019.02.17-13.20.40:438][  9]LogModuleManager: Shutting down and abandoning module MovieSceneTools (380)
[2019.02.17-13.20.40:481][  9]LogModuleManager: Shutting down and abandoning module OutputLog (378)
[2019.02.17-13.20.40:519][  9]LogModuleManager: Shutting down and abandoning module GammaUI (376)
[2019.02.17-13.20.40:570][  9]LogModuleManager: Shutting down and abandoning module Documentation (374)
[2019.02.17-13.20.40:570][  9]LogModuleManager: Shutting down and abandoning module MovieSceneTracks (372)
[2019.02.17-13.20.40:570][  9]LogModuleManager: Shutting down and abandoning module MovieScene (370)
[2019.02.17-13.20.40:570][  9]LogModuleManager: Shutting down and abandoning module StreamingPauseRendering (368)
[2019.02.17-13.20.40:570][  9]LogModuleManager: Shutting down and abandoning module LauncherPlatform (366)
[2019.02.17-13.20.40:570][  9]LogModuleManager: Shutting down and abandoning module AnalyticsET (364)
[2019.02.17-13.20.40:570][  9]LogModuleManager: Shutting down and abandoning module PortalServices (362)
[2019.02.17-13.20.40:570][  9]LogModuleManager: Shutting down and abandoning module PortalRpc (360)
[2019.02.17-13.20.40:570][  9]LogModuleManager: Shutting down and abandoning module MessagingRpc (358)
[2019.02.17-13.20.40:570][  9]LogModuleManager: Shutting down and abandoning module AIModule (356)
[2019.02.17-13.20.40:570][  9]LogModuleManager: Shutting down and abandoning module GameplayDebugger (355)
[2019.02.17-13.20.40:570][  9]LogModuleManager: Shutting down and abandoning module AITestSuite (353)
[2019.02.17-13.20.40:583][  9]LogModuleManager: Shutting down and abandoning module DesktopPlatform (350)
[2019.02.17-13.20.40:583][  9]LogModuleManager: Shutting down and abandoning module ProfilerService (348)
[2019.02.17-13.20.40:591][  9]LogModuleManager: Shutting down and abandoning module TaskGraph (346)
[2019.02.17-13.20.40:644][  9]LogModuleManager: Shutting down and abandoning module SteamVRController (344)
[2019.02.17-13.20.40:644][  9]LogModuleManager: Shutting down and abandoning module ProceduralMeshComponentEditor (342)
[2019.02.17-13.20.40:644][  9]LogModuleManager: Shutting down and abandoning module ProceduralMeshComponent (340)
[2019.02.17-13.20.40:678][  9]LogModuleManager: Shutting down and abandoning module OculusInput (338)
[2019.02.17-13.20.40:687][  9]LogModuleManager: Shutting down and abandoning module MobilePatchingUtils (336)
[2019.02.17-13.20.40:687][  9]LogModuleManager: Shutting down and abandoning module CustomMeshComponent (334)
[2019.02.17-13.20.40:687][  9]LogModuleManager: Shutting down and abandoning module CableComponent (332)
[2019.02.17-13.20.40:708][  9]LogModuleManager: Shutting down and abandoning module ArchVisCharacter (330)
[2019.02.17-13.20.40:708][  9]LogModuleManager: Shutting down and abandoning module AndroidPermission (328)
[2019.02.17-13.20.40:708][  9]LogModuleManager: Shutting down and abandoning module ActorSequence (324)
[2019.02.17-13.20.40:708][  9]LogModuleManager: Shutting down and abandoning module MediaPlayerEditor (322)
[2019.02.17-13.20.40:837][  9]LogModuleManager: Shutting down and abandoning module MediaCompositingEditor (320)
[2019.02.17-13.20.40:838][  9]LogModuleManager: Shutting down and abandoning module MediaCompositing (318)
[2019.02.17-13.20.40:838][  9]LogModuleManager: Shutting down and abandoning module HTML5Networking (316)
[2019.02.17-13.20.40:838][  9]LogModuleManager: Shutting down and abandoning module AlembicImporter (314)
[2019.02.17-13.20.40:860][  9]LogModuleManager: Shutting down and abandoning module AlembicLibrary (313)
[2019.02.17-13.20.40:860][  9]LogModuleManager: Shutting down and abandoning module GeometryCache (312)
[2019.02.17-13.20.41:044][  9]LogModuleManager: Shutting down and abandoning module GeometryCacheEd (311)
[2019.02.17-13.20.41:044][  9]LogModuleManager: Shutting down and abandoning module SpeedTreeImporter (306)
[2019.02.17-13.20.41:044][  9]LogModuleManager: Shutting down and abandoning module PluginBrowser (304)
[2019.02.17-13.20.41:207][  9]LogModuleManager: Shutting down and abandoning module MobileLauncherProfileWizard (302)
[2019.02.17-13.20.41:289][  9]LogModuleManager: Shutting down and abandoning module VisualStudioSourceCodeAccess (300)
[2019.02.17-13.20.41:289][  9]LogModuleManager: Shutting down and abandoning module VisualStudioCodeSourceCodeAccess (298)
[2019.02.17-13.20.41:289][  9]LogModuleManager: Shutting down and abandoning module UObjectPlugin (296)
[2019.02.17-13.20.41:289][  9]LogModuleManager: Shutting down and abandoning module SubversionSourceControl (294)
[2019.02.17-13.20.41:320][  9]LogModuleManager: Shutting down and abandoning module PerforceSourceControl (292)
[2019.02.17-13.20.41:421][  9]LogModuleManager: Shutting down and abandoning module GitSourceControl (290)
[2019.02.17-13.20.41:526][  9]LogModuleManager: Shutting down and abandoning module SourceControl (289)
[2019.02.17-13.20.41:632][  9]LogModuleManager: Shutting down and abandoning module LightPropagationVolumeEditor (286)
[2019.02.17-13.20.41:632][  9]LogModuleManager: Shutting down and abandoning module PaperTiledImporter (284)
[2019.02.17-13.20.41:632][  9]LogModuleManager: Shutting down and abandoning module PaperSpriteSheetImporter (282)
[2019.02.17-13.20.41:632][  9]LogModuleManager: Shutting down and abandoning module Paper2DEditor (280)
[2019.02.17-13.20.41:671][  9]LogModuleManager: Shutting down and abandoning module MeshPaint (279)
[2019.02.17-13.20.41:701][  9]LogModuleManager: Shutting down and abandoning module LevelEditor (277)
[2019.02.17-13.20.41:765][  9]LogModuleManager: Shutting down and abandoning module PixelInspectorModule (276)
[2019.02.17-13.20.41:798][  9]LogModuleManager: Shutting down and abandoning module MainFrame (274)
[2019.02.17-13.20.41:832][  9]LogModuleManager: Shutting down and abandoning module HotReload (273)
[2019.02.17-13.20.41:893][  9]LogModuleManager: Shutting down and abandoning module RuntimePhysXCooking (268)
[2019.02.17-13.20.41:893][  9]LogModuleManager: Shutting down and abandoning module PhysXVehiclesEditor (266)
[2019.02.17-13.20.41:894][  9]LogModuleManager: Shutting down and abandoning module PhysXVehicles (264)
[2019.02.17-13.20.41:894][  9]LogModuleManager: Shutting down and abandoning module OculusEditor (262)
[2019.02.17-13.20.41:894][  9]LogModuleManager: Shutting down and abandoning module LocationServicesBPLibrary (260)
[2019.02.17-13.20.41:894][  9]LogModuleManager: Shutting down and abandoning module ImmediatePhysicsEditor (258)
[2019.02.17-13.20.41:894][  9]LogModuleManager: Shutting down and abandoning module ImmediatePhysics (256)
[2019.02.17-13.20.41:969][  9]LogModuleManager: Shutting down and abandoning module UdpMessaging (254)
[2019.02.17-13.20.42:111][  9]LogModuleManager: Shutting down and abandoning module TcpMessaging (252)
[2019.02.17-13.20.42:266][  9]LogModuleManager: Shutting down and abandoning module GameplayTagsEditor (250)
[2019.02.17-13.20.42:377][  9]LogModuleManager: Shutting down and abandoning module FacialAnimationEditor (248)
[2019.02.17-13.20.42:377][  9]LogModuleManager: Shutting down and abandoning module FacialAnimation (246)
[2019.02.17-13.20.42:377][  9]LogModuleManager: Shutting down and abandoning module AssetManagerEditor (244)
[2019.02.17-13.20.42:388][  9]LogModuleManager: Shutting down and abandoning module GraphEditor (243)
[2019.02.17-13.20.42:507][  9]LogModuleManager: Shutting down and abandoning module ContentBrowser (241)
[2019.02.17-13.20.42:508][  9]LogModuleManager: Shutting down and abandoning module LightPropagationVolumeRuntime (238)
[2019.02.17-13.20.42:508][  9]LogModuleManager: Shutting down and abandoning module Paper2D (236)
[2019.02.17-13.20.42:508][  9]LogModuleManager: Shutting down and abandoning module WindowsMoviePlayer (234)
[2019.02.17-13.20.42:534][  9]LogModuleManager: Shutting down and abandoning module WmfMedia (232)
[2019.02.17-13.20.42:551][  9]LogModuleManager: Shutting down and abandoning module ImgMedia (230)
[2019.02.17-13.20.42:551][  9]LogModuleManager: Shutting down and abandoning module PacketHandler (228)
[2019.02.17-13.20.42:551][  9]LogModuleManager: Shutting down and abandoning module ClothingSystemEditor (226)
[2019.02.17-13.20.42:551][  9]LogModuleManager: Shutting down and abandoning module ClothingSystemRuntime (224)
[2019.02.17-13.20.42:563][  9]LogModuleManager: Shutting down and abandoning module MediaAssets (222)
[2019.02.17-13.20.42:563][  9]LogModuleManager: Shutting down and abandoning module Media (221)
[2019.02.17-13.20.42:569][  9]LogModuleManager: Shutting down and abandoning module Overlay (218)
[2019.02.17-13.20.42:569][  9]LogModuleManager: Shutting down and abandoning module OverlayEditor (217)
[2019.02.17-13.20.42:569][  9]LogModuleManager: Shutting down and abandoning module VREditor (214)
[2019.02.17-13.20.42:676][  9]LogModuleManager: Shutting down and abandoning module StringTableEditor (212)
[2019.02.17-13.20.42:709][  9]LogModuleManager: Shutting down and abandoning module GameplayTasksEditor (210)
[2019.02.17-13.20.42:709][  9]LogModuleManager: Shutting down and abandoning module BehaviorTreeEditor (208)
[2019.02.17-13.20.42:899][  9]LogModuleManager: Shutting down and abandoning module FunctionalTesting (206)
[2019.02.17-13.20.42:954][  9]LogModuleManager: Shutting down and abandoning module CollisionAnalyzer (204)
[2019.02.17-13.20.43:015][  9]LogModuleManager: Shutting down and abandoning module WorkspaceMenuStructure (203)
[2019.02.17-13.20.43:015][  9]LogModuleManager: Shutting down and abandoning module UMG (200)
[2019.02.17-13.20.43:082][  9]LogModuleManager: Shutting down and abandoning module UMGEditor (199)
[2019.02.17-13.20.43:327][  9]LogModuleManager: Shutting down and abandoning module Sequencer (198)
[2019.02.17-13.20.43:530][  9]LogModuleManager: Shutting down and abandoning module MessageLog (195)
[2019.02.17-13.20.43:530][  9]LogModuleManager: Shutting down and abandoning module SlateReflector (190)
[2019.02.17-13.20.43:695][  9]LogModuleManager: Shutting down and abandoning module Slate (188)
[2019.02.17-13.20.43:695][  9]LogModuleManager: Shutting down and abandoning module EditorStyle (186)
[2019.02.17-13.20.43:698][  9]LogModuleManager: Shutting down and abandoning module MRMesh (184)
[2019.02.17-13.20.43:698][  9]LogModuleManager: Shutting down and abandoning module SourceCodeAccess (182)
[2019.02.17-13.20.43:698][  9]LogModuleManager: Shutting down and abandoning module HeadMountedDisplay (180)
[2019.02.17-13.20.43:698][  9]LogModuleManager: Shutting down and abandoning module XAudio2 (178)
[2019.02.17-13.20.43:698][  9]LogModuleManager: Shutting down and abandoning module Networking (176)
[2019.02.17-13.20.43:698][  9]LogModuleManager: Shutting down and abandoning module Core (172)
[2019.02.17-13.20.43:698][  9]LogModuleManager: Shutting down and abandoning module LevelSequence (168)
[2019.02.17-13.20.43:785][  9]LogModuleManager: Shutting down and abandoning module DirectoryWatcher (166)
[2019.02.17-13.20.43:785][  9]LogModuleManager: Shutting down and abandoning module KismetCompiler (164)
[2019.02.17-13.20.43:785][  9]LogModuleManager: Shutting down and abandoning module MeshUtilities (162)
[2019.02.17-13.20.43:918][  9]LogModuleManager: Shutting down and abandoning module MeshMergeUtilities (161)
[2019.02.17-13.20.43:965][  9]LogModuleManager: Shutting down and abandoning module MeshReductionInterface (160)
[2019.02.17-13.20.43:965][  9]LogModuleManager: Shutting down and abandoning module SimplygonSwarm (159)
[2019.02.17-13.20.44:014][  9]LogModuleManager: Shutting down and abandoning module SimplygonMeshReduction (157)
[2019.02.17-13.20.44:014][  9]LogModuleManager: Shutting down and abandoning module QuadricMeshReduction (155)
[2019.02.17-13.20.44:062][  9]LogModuleManager: Shutting down and abandoning module MaterialBaking (151)
[2019.02.17-13.20.44:090][  9]LogModuleManager: Shutting down and abandoning module DerivedDataCache (148)
[2019.02.17-13.20.44:453][  9]LogDerivedDataCache: Shutdown
[2019.02.17-13.20.44:453][  9]LogModuleManager: Shutting down and abandoning module TargetPlatform (146)
[2019.02.17-13.20.44:453][  9]LogModuleManager: Shutting down and abandoning module VulkanShaderFormat (145)
[2019.02.17-13.20.44:504][  9]LogModuleManager: Shutting down and abandoning module ShaderFormatVectorVM (143)
[2019.02.17-13.20.44:535][  9]LogModuleManager: Shutting down and abandoning module ShaderFormatOpenGL (141)
[2019.02.17-13.20.44:587][  9]LogModuleManager: Shutting down and abandoning module ShaderFormatD3D (139)
[2019.02.17-13.20.44:640][  9]LogModuleManager: Shutting down and abandoning module MetalShaderFormat (137)
[2019.02.17-13.20.44:681][  9]LogModuleManager: Shutting down and abandoning module TextureFormatUncompressed (135)
[2019.02.17-13.20.44:681][  9]LogModuleManager: Shutting down and abandoning module TextureFormatPVR (133)
[2019.02.17-13.20.44:681][  9]LogModuleManager: Shutting down and abandoning module TextureFormatDXT (131)
[2019.02.17-13.20.44:697][  9]LogModuleManager: Shutting down and abandoning module TextureFormatIntelISPCTexComp (129)
[2019.02.17-13.20.44:712][  9]LogModuleManager: Shutting down and abandoning module TextureFormatASTC (127)
[2019.02.17-13.20.44:712][  9]LogModuleManager: Shutting down and abandoning module ImageWrapper (126)
[2019.02.17-13.20.44:712][  9]LogModuleManager: Shutting down and abandoning module TextureFormatAndroid (123)
[2019.02.17-13.20.44:712][  9]LogModuleManager: Shutting down and abandoning module AudioFormatOpus (121)
[2019.02.17-13.20.44:712][  9]LogModuleManager: Shutting down and abandoning module AudioFormatOgg (119)
[2019.02.17-13.20.44:712][  9]LogModuleManager: Shutting down and abandoning module AudioFormatADPCM (117)
[2019.02.17-13.20.44:712][  9]LogModuleManager: Shutting down and abandoning module LinuxTargetPlatform (115)
[2019.02.17-13.20.44:712][  9]LogModuleManager: Shutting down and abandoning module LinuxServerTargetPlatform (113)
[2019.02.17-13.20.44:712][  9]LogModuleManager: Shutting down and abandoning module LinuxNoEditorTargetPlatform (111)
[2019.02.17-13.20.44:712][  9]LogModuleManager: Shutting down and abandoning module LinuxClientTargetPlatform (109)
[2019.02.17-13.20.44:712][  9]LogModuleManager: Shutting down and abandoning module TVOSTargetPlatform (107)
[2019.02.17-13.20.44:712][  9]LogModuleManager: Shutting down and abandoning module Messaging (105)
[2019.02.17-13.20.44:712][  9]LogModuleManager: Shutting down and abandoning module IOSTargetPlatform (103)
[2019.02.17-13.20.44:712][  9]LogModuleManager: Shutting down and abandoning module HTML5TargetPlatform (101)
[2019.02.17-13.20.44:712][  9]LogModuleManager: Shutting down and abandoning module AndroidTargetPlatform (99)
[2019.02.17-13.20.44:712][  9]LogModuleManager: Shutting down and abandoning module Android_PVRTCTargetPlatform (97)
[2019.02.17-13.20.44:712][  9]LogModuleManager: Shutting down and abandoning module Android_MultiTargetPlatform (95)
[2019.02.17-13.20.44:712][  9]LogModuleManager: Shutting down and abandoning module Android_ETC2TargetPlatform (93)
[2019.02.17-13.20.44:712][  9]LogModuleManager: Shutting down and abandoning module Android_ETC1TargetPlatform (91)
[2019.02.17-13.20.44:712][  9]LogModuleManager: Shutting down and abandoning module Android_DXTTargetPlatform (89)
[2019.02.17-13.20.44:712][  9]LogModuleManager: Shutting down and abandoning module Android_ATCTargetPlatform (87)
[2019.02.17-13.20.44:712][  9]LogModuleManager: Shutting down and abandoning module Android_ASTCTargetPlatform (85)
[2019.02.17-13.20.44:712][  9]LogModuleManager: Shutting down and abandoning module WindowsTargetPlatform (83)
[2019.02.17-13.20.44:712][  9]LogModuleManager: Shutting down and abandoning module WindowsServerTargetPlatform (81)
[2019.02.17-13.20.44:712][  9]LogModuleManager: Shutting down and abandoning module WindowsNoEditorTargetPlatform (79)
[2019.02.17-13.20.44:712][  9]LogModuleManager: Shutting down and abandoning module WindowsClientTargetPlatform (77)
[2019.02.17-13.20.44:712][  9]LogModuleManager: Shutting down and abandoning module MacTargetPlatform (75)
[2019.02.17-13.20.44:712][  9]LogModuleManager: Shutting down and abandoning module MacServerTargetPlatform (73)
[2019.02.17-13.20.44:712][  9]LogModuleManager: Shutting down and abandoning module MacNoEditorTargetPlatform (71)
[2019.02.17-13.20.44:712][  9]LogModuleManager: Shutting down and abandoning module MacClientTargetPlatform (69)
[2019.02.17-13.20.44:712][  9]LogModuleManager: Shutting down and abandoning module AllDesktopTargetPlatform (67)
[2019.02.17-13.20.44:712][  9]LogModuleManager: Shutting down and abandoning module InputCore (64)
[2019.02.17-13.20.44:712][  9]LogModuleManager: Shutting down and abandoning module Settings (62)
[2019.02.17-13.20.44:712][  9]LogModuleManager: Shutting down and abandoning module PhysXCooking (60)
[2019.02.17-13.20.44:712][  9]LogModuleManager: Shutting down and abandoning module SteamVR (58)
[2019.02.17-13.20.44:712][  9]LogModuleManager: Shutting down and abandoning module OculusHMD (56)
[2019.02.17-13.20.44:784][  9]LogModuleManager: Shutting down and abandoning module ExampleDeviceProfileSelector (54)
[2019.02.17-13.20.44:784][  9]LogModuleManager: Shutting down and abandoning module AppleARKit (52)
[2019.02.17-13.20.44:784][  9]LogModuleManager: Shutting down and abandoning module AugmentedReality (51)
[2019.02.17-13.20.44:784][  9]LogModuleManager: Shutting down and abandoning module OnlineBlueprintSupport (48)
[2019.02.17-13.20.44:784][  9]LogModuleManager: Shutting down and abandoning module OnlineSubsystem (44)
[2019.02.17-13.20.44:872][  9]LogModuleManager: Shutting down and abandoning module XMPP (43)
[2019.02.17-13.20.44:937][  9]LogModuleManager: Shutting down and abandoning module HTTP (41)
[2019.02.17-13.20.44:937][  9]LogHttp: Display: Http module shutting down, but needs to wait on 1 outstanding Http requests:
[2019.02.17-13.20.44:937][  9]LogHttp: Display: 	verb=[POST] url=[https://datarouter.ol.epicgames.com/datarouter/api/v1/public/data?SessionID=%7B32D122CE-4E0A-D48E-25E3-41817DA34989%7D&AppID=UEEditor.Rocket.Release&AppVersion=4.18.3-3832480%2B%2B%2BUE4%2BRelease-4.18&UserID=af8ca0ae4f0a0bdd7cb482b9d699bb65%7C3a15c16e62a1446098e2e692bc3c59ca%7Cb1f8cc83-baf7-43ae-b4ea-1c61bada90e2&AppEnvironment=datacollector-binary&UploadType=eteventstream] status=Processing
[2019.02.17-13.20.44:947][  9]LogModuleManager: Shutting down and abandoning module SSL (40)
[2019.02.17-13.20.44:985][  9]LogModuleManager: Shutting down and abandoning module AnimationModifiers (36)
[2019.02.17-13.20.45:143][  9]LogModuleManager: Shutting down and abandoning module PropertyEditor (35)
[2019.02.17-13.20.45:143][  9]LogModuleManager: Shutting down and abandoning module AudioEditor (32)
[2019.02.17-13.20.45:328][  9]LogModuleManager: Shutting down and abandoning module TextureCompressor (30)
[2019.02.17-13.20.46:020][  9]LogModuleManager: Shutting down and abandoning module ShaderCore (28)
[2019.02.17-13.20.46:020][  9]LogModuleManager: Shutting down and abandoning module Landscape (26)
[2019.02.17-13.20.46:020][  9]LogModuleManager: Shutting down and abandoning module SlateRHIRenderer (24)
[2019.02.17-13.20.46:404][  9]LogModuleManager: Shutting down and abandoning module OpenGLDrv (22)
[2019.02.17-13.20.46:546][  9]LogModuleManager: Shutting down and abandoning module D3D11RHI (20)
[2019.02.17-13.20.46:546][  9]LogModuleManager: Shutting down and abandoning module AnimGraphRuntime (18)
[2019.02.17-13.20.46:717][  9]LogModuleManager: Shutting down and abandoning module Renderer (16)
[2019.02.17-13.20.46:717][  9]LogModuleManager: Shutting down and abandoning module Engine (14)
[2019.02.17-13.20.46:777][  9]LogModuleManager: Shutting down and abandoning module CoreUObject (12)
[2019.02.17-13.20.46:777][  9]LogModuleManager: Shutting down and abandoning module NetworkFile (10)
[2019.02.17-13.20.46:801][  9]LogModuleManager: Shutting down and abandoning module CookedIterativeFile (8)
[2019.02.17-13.20.46:801][  9]LogModuleManager: Shutting down and abandoning module StreamingFile (6)
[2019.02.17-13.20.46:846][  9]LogModuleManager: Shutting down and abandoning module SandboxFile (4)
[2019.02.17-13.20.46:898][  9]LogModuleManager: Shutting down and abandoning module PakFile (2)
[2019.02.17-13.20.47:391][  9]LogExit: Exiting.
[2019.02.17-13.20.47:400][  9]Log file closed, 02/17/19 08:20:47
